2023-11-26 17:24:01.909 | INFO     | database.mysqldb:create_pool:29 - Pool was created successfully!
2023-11-26 17:24:01.959 | INFO     | scheduler.direction_update:update:31 - Старт проверки цен
2023-11-26 17:24:05.247 | INFO     | avia_bot.service:start_bot:34 - The bot is running!
2023-11-26 17:51:48.601 | INFO     | database.mysqldb:create_pool:29 - Pool was created successfully!
2023-11-26 17:51:48.652 | INFO     | scheduler.direction_update:update:31 - Старт проверки цен
2023-11-26 17:51:49.229 | INFO     | avia_bot.service:start_bot:34 - The bot is running!
2023-11-26 17:53:27.045 | INFO     | database.mysqldb:create_pool:29 - Pool was created successfully!
2023-11-26 17:53:27.108 | INFO     | scheduler.direction_update:update:31 - Старт проверки цен
2023-11-26 17:53:27.451 | INFO     | avia_bot.service:start_bot:34 - The bot is running!
2023-11-26 18:34:52.656 | INFO     | database.mysqldb:create_pool:29 - Pool was created successfully!
2023-11-26 18:34:52.713 | INFO     | scheduler.direction_update:update:31 - Старт проверки цен
2023-11-26 18:34:53.215 | INFO     | avia_bot.service:start_bot:34 - The bot is running!
2023-11-26 18:35:24.483 | INFO     | database.mysqldb:create_pool:29 - Pool was created successfully!
2023-11-26 18:35:24.530 | INFO     | scheduler.direction_update:update:31 - Старт проверки цен
2023-11-26 18:35:24.880 | INFO     | avia_bot.service:start_bot:34 - The bot is running!
2023-11-26 18:36:05.812 | INFO     | database.mysqldb:create_pool:29 - Pool was created successfully!
2023-11-26 18:36:05.857 | INFO     | scheduler.direction_update:update:31 - Старт проверки цен
2023-11-26 18:36:06.362 | INFO     | avia_bot.service:start_bot:34 - The bot is running!
2023-11-26 18:36:21.305 | INFO     | database.mysqldb:create_pool:29 - Pool was created successfully!
2023-11-26 18:36:21.362 | INFO     | scheduler.direction_update:update:31 - Старт проверки цен
2023-11-26 18:36:21.762 | INFO     | avia_bot.service:start_bot:34 - The bot is running!
2023-11-26 18:36:38.932 | INFO     | database.mysqldb:create_pool:29 - Pool was created successfully!
2023-11-26 18:36:38.988 | INFO     | scheduler.direction_update:update:31 - Старт проверки цен
2023-11-26 18:36:39.361 | INFO     | avia_bot.service:start_bot:34 - The bot is running!
2023-11-26 18:37:13.425 | INFO     | database.mysqldb:create_pool:29 - Pool was created successfully!
2023-11-26 18:37:13.494 | INFO     | scheduler.direction_update:update:31 - Старт проверки цен
2023-11-26 18:37:13.775 | INFO     | avia_bot.service:start_bot:34 - The bot is running!
2023-11-26 18:37:47.884 | ERROR    | database.mysqldb:save_price:122 - Ошибка при добавлении цены билета 1 - 13298.0 : (1136, "Column count doesn't match value count at row 1")
2023-11-26 18:38:26.350 | INFO     | database.mysqldb:create_pool:29 - Pool was created successfully!
2023-11-26 18:38:26.396 | INFO     | scheduler.direction_update:update:31 - Старт проверки цен
2023-11-26 18:38:26.698 | INFO     | avia_bot.service:start_bot:34 - The bot is running!
2023-11-26 18:38:36.400 | ERROR    | database.mysqldb:save_price:122 - Ошибка при добавлении цены билета 1 - 13324.0 : (1054, "Unknown column 'last_update' in 'field list'")
2023-11-26 18:39:34.946 | INFO     | database.mysqldb:create_pool:29 - Pool was created successfully!
2023-11-26 18:39:34.997 | INFO     | scheduler.direction_update:update:31 - Старт проверки цен
2023-11-26 18:39:35.367 | INFO     | avia_bot.service:start_bot:34 - The bot is running!
2023-11-26 18:41:21.012 | INFO     | database.mysqldb:create_pool:29 - Pool was created successfully!
2023-11-26 18:41:21.067 | INFO     | scheduler.direction_update:update:31 - Старт проверки цен
2023-11-26 18:41:21.990 | INFO     | avia_bot.service:start_bot:34 - The bot is running!
2023-11-26 18:41:38.646 | ERROR    | database.mysqldb:save_price:122 - Ошибка при добавлении цены билета 1 - 13298.0 : (1054, "Unknown column 'last_update' in 'field list'")
2023-11-26 18:42:20.705 | INFO     | database.mysqldb:create_pool:29 - Pool was created successfully!
2023-11-26 18:42:20.752 | INFO     | scheduler.direction_update:update:31 - Старт проверки цен
2023-11-26 18:42:21.468 | INFO     | avia_bot.service:start_bot:34 - The bot is running!
2023-11-26 18:45:09.046 | INFO     | database.mysqldb:create_pool:29 - Pool was created successfully!
2023-11-26 18:45:09.102 | INFO     | scheduler.direction_update:update:31 - Старт проверки цен
2023-11-26 18:45:09.536 | INFO     | avia_bot.service:start_bot:34 - The bot is running!
2023-11-26 18:45:31.694 | ERROR    | database.mysqldb:save_price:122 - Ошибка при добавлении цены билета 1 - 13324.0 : (1054, "Unknown column 'last_update' in 'field list'")
2023-11-26 18:46:59.850 | INFO     | database.mysqldb:create_pool:29 - Pool was created successfully!
2023-11-26 18:46:59.909 | INFO     | scheduler.direction_update:update:31 - Старт проверки цен
2023-11-26 18:47:00.274 | INFO     | avia_bot.service:start_bot:34 - The bot is running!
2023-11-26 18:48:13.660 | INFO     | database.mysqldb:create_pool:29 - Pool was created successfully!
2023-11-26 18:48:13.681 | INFO     | scheduler.direction_update:update:31 - Старт проверки цен
2023-11-26 18:48:13.945 | INFO     | avia_bot.service:start_bot:34 - The bot is running!
2023-11-26 18:50:47.193 | INFO     | database.mysqldb:create_pool:29 - Pool was created successfully!
2023-11-26 18:50:47.255 | INFO     | scheduler.direction_update:update:31 - Старт проверки цен
2023-11-26 18:50:47.706 | INFO     | avia_bot.service:start_bot:34 - The bot is running!
2023-11-26 18:51:05.577 | INFO     | database.mysqldb:create_pool:29 - Pool was created successfully!
2023-11-26 18:51:05.600 | INFO     | scheduler.direction_update:update:31 - Старт проверки цен
2023-11-26 18:51:05.889 | INFO     | avia_bot.service:start_bot:34 - The bot is running!
2023-11-26 18:52:08.195 | INFO     | database.mysqldb:create_pool:29 - Pool was created successfully!
2023-11-26 18:52:08.218 | INFO     | scheduler.direction_update:update:31 - Старт проверки цен
2023-11-26 18:52:08.635 | INFO     | avia_bot.service:start_bot:34 - The bot is running!
2023-11-26 18:53:02.817 | INFO     | database.mysqldb:create_pool:29 - Pool was created successfully!
2023-11-26 18:53:02.838 | INFO     | scheduler.direction_update:update:31 - Старт проверки цен
2023-11-26 18:53:03.141 | INFO     | avia_bot.service:start_bot:34 - The bot is running!
2023-11-26 18:53:44.647 | INFO     | database.mysqldb:create_pool:29 - Pool was created successfully!
2023-11-26 18:53:44.684 | INFO     | scheduler.direction_update:update:31 - Старт проверки цен
2023-11-26 18:53:45.026 | INFO     | avia_bot.service:start_bot:34 - The bot is running!
2023-11-26 18:54:31.721 | INFO     | database.mysqldb:create_pool:29 - Pool was created successfully!
2023-11-26 18:54:31.741 | INFO     | scheduler.direction_update:update:31 - Старт проверки цен
2023-11-26 18:54:32.143 | INFO     | avia_bot.service:start_bot:34 - The bot is running!
2023-11-26 18:55:22.309 | INFO     | database.mysqldb:create_pool:29 - Pool was created successfully!
2023-11-26 18:55:22.331 | INFO     | scheduler.direction_update:update:31 - Старт проверки цен
2023-11-26 18:55:22.730 | INFO     | avia_bot.service:start_bot:34 - The bot is running!
2023-11-26 19:03:09.444 | INFO     | database.mysqldb:create_pool:29 - Pool was created successfully!
2023-11-26 19:03:09.465 | INFO     | scheduler.direction_update:update:31 - Старт проверки цен
2023-11-26 19:03:09.852 | INFO     | avia_bot.service:start_bot:34 - The bot is running!
